0 info it worked if it ends with ok
1 verbose cli [ '/Users/marwansulaiman/.nvm/versions/node/v6.4.0/bin/node',
1 verbose cli   '/Users/marwansulaiman/.nvm/versions/node/v6.4.0/bin/npm',
1 verbose cli   'run',
1 verbose cli   'start' ]
2 info using npm@3.10.3
3 info using node@v6.4.0
4 verbose run-script [ 'prestart', 'start', 'poststart' ]
5 info lifecycle async-frites@1.0.0~prestart: async-frites@1.0.0
6 silly lifecycle async-frites@1.0.0~prestart: no script for prestart, continuing
7 info lifecycle async-frites@1.0.0~start: async-frites@1.0.0
8 verbose lifecycle async-frites@1.0.0~start: unsafe-perm in lifecycle true
9 verbose lifecycle async-frites@1.0.0~start: PATH: /Users/marwansulaiman/.nvm/versions/node/v6.4.0/lib/node_modules/npm/bin/node-gyp-bin:/Users/marwansulaiman/Desktop/projects/async-frites/node_modules/.bin:/Users/marwansulaiman/.nvm/versions/node/v6.4.0/bin:/Users/marwansulaiman/.nvm/versions/node/v6.4.0/bin:/Users/marwansulaiman/.rbenv/shims:/Users/marwansulaiman/.rbenv/bin:/usr/local/bin:/usr/bin:/bin:/usr/sbin:/sbin:/usr/local/go/bin:/Applications/Postgres.app/Contents/Versions/latest/bin
10 verbose lifecycle async-frites@1.0.0~start: CWD: /Users/marwansulaiman/Desktop/projects/async-frites
11 silly lifecycle async-frites@1.0.0~start: Args: [ '-c', 'node ./build/index.js' ]
12 silly lifecycle async-frites@1.0.0~start: Returned: code: 1  signal: null
13 info lifecycle async-frites@1.0.0~start: Failed to exec start script
14 verbose stack Error: async-frites@1.0.0 start: `node ./build/index.js`
14 verbose stack Exit status 1
14 verbose stack     at EventEmitter.<anonymous> (/Users/marwansulaiman/.nvm/versions/node/v6.4.0/lib/node_modules/npm/lib/utils/lifecycle.js:242:16)
14 verbose stack     at emitTwo (events.js:106:13)
14 verbose stack     at EventEmitter.emit (events.js:191:7)
14 verbose stack     at ChildProcess.<anonymous> (/Users/marwansulaiman/.nvm/versions/node/v6.4.0/lib/node_modules/npm/lib/utils/spawn.js:40:14)
14 verbose stack     at emitTwo (events.js:106:13)
14 verbose stack     at ChildProcess.emit (events.js:191:7)
14 verbose stack     at maybeClose (internal/child_process.js:852:16)
14 verbose stack     at Process.ChildProcess._handle.onexit (internal/child_process.js:215:5)
15 verbose pkgid async-frites@1.0.0
16 verbose cwd /Users/marwansulaiman/Desktop/projects/async-frites
17 error Darwin 14.5.0
18 error argv "/Users/marwansulaiman/.nvm/versions/node/v6.4.0/bin/node" "/Users/marwansulaiman/.nvm/versions/node/v6.4.0/bin/npm" "run" "start"
19 error node v6.4.0
20 error npm  v3.10.3
21 error code ELIFECYCLE
22 error async-frites@1.0.0 start: `node ./build/index.js`
22 error Exit status 1
23 error Failed at the async-frites@1.0.0 start script 'node ./build/index.js'.
23 error Make sure you have the latest version of node.js and npm installed.
23 error If you do, this is most likely a problem with the async-frites package,
23 error not with npm itself.
23 error Tell the author that this fails on your system:
23 error     node ./build/index.js
23 error You can get information on how to open an issue for this project with:
23 error     npm bugs async-frites
23 error Or if that isn't available, you can get their info via:
23 error     npm owner ls async-frites
23 error There is likely additional logging output above.
24 verbose exit [ 1, true ]
